[1/3/2021 - 11:29:02] Extension - First boot; ignoring checks.
[1/3/2021 - 11:33:57] Extension - First boot; ignoring checks.
[1/3/2021 - 11:44:41] Extension - First boot; ignoring checks.
[1/3/2021 - 11:46:58] Extension - First boot; ignoring checks.
[1/3/2021 - 11:46:58] Counting disabled, disconnecting client.
[1/3/2021 - 11:46:58] Counting enabled, connecting client.
[1/3/2021 - 11:46:58] Found ashen in the list, spending 12 points!
[1/3/2021 - 11:46:58] Old shadowgrove points: 0 New shadowgrove Points: 12
[1/3/2021 - 11:52:30] Extension - First boot; ignoring checks.
[1/3/2021 - 11:52:30] Counting disabled, disconnecting client.
[1/3/2021 - 11:52:30] Counting enabled, connecting client.
[1/3/2021 - 11:52:30] Counting disabled, disconnecting client.
[1/3/2021 - 11:52:30] Counting enabled, connecting client.
[1/3/2021 - 11:54:32] Extension - First boot; ignoring checks.
[1/3/2021 - 11:54:32] Counting disabled, disconnecting client.
[1/3/2021 - 11:54:32] Counting enabled, connecting client.
[1/3/2021 - 11:54:32] Counting disabled, disconnecting client.
[1/3/2021 - 12:35:04] Extension - First boot; ignoring checks.
[1/3/2021 - 12:39:29] Extension - First boot; ignoring checks.
[1/3/2021 - 12:40:06] Twitch client connected to ashen.
[1/3/2021 - 12:40:06] Extension - First boot; ignoring checks.
[1/3/2021 - 12:40:26] Twitch client connected to dawnwhisper.
[1/3/2021 - 12:40:26] Extension - First boot; ignoring checks.
[1/3/2021 - 14:14:56] Twitch client connected to ashen.
[1/3/2021 - 14:14:56] Extension - First boot; ignoring checks.
[1/3/2021 - 14:25:45] Twitch client connected to ashen.
[1/3/2021 - 14:25:45] Extension - First boot; ignoring checks.
[1/3/2021 - 14:26:40] Twitch client connected to ashen.
[1/3/2021 - 14:26:40] Extension - First boot; ignoring checks.
[1/3/2021 - 14:27:18] Twitch client connected to ashen.
[1/3/2021 - 14:27:18] Extension - First boot; ignoring checks.
[1/3/2021 - 14:29:08] Twitch client connected to ashen.
[1/3/2021 - 14:29:08] Extension - First boot; ignoring checks.
[1/3/2021 - 14:29:18] Twitch client connected to ashen.
[1/3/2021 - 14:29:18] Extension - First boot; ignoring checks.
